<?xml version="1.0" encoding="UTF-8"?>
<!-- Generated by org.testng.reporters.JUnitXMLReporter -->
<testsuite ignored="4" hostname="DESKTOP-Q7FBNO4" failures="0" tests="1" name="Default test" time="1.46" errors="0" timestamp="2024-11-13T22:30:18 PST">
  <testcase classname="com.sep.Main.ProjectApi" name="testCreateRepositoryWithExistingName" time="1.43"/>
  <testcase classname="com.sep.Main.ProjectApi" name="testGetNonExistingRepository" time="0.0">
    <ignored/>
  </testcase> <!-- testGetNonExistingRepository -->
  <testcase classname="com.sep.Main.ProjectApi" name="testGetAllRepositories" time="0.0">
    <ignored/>
  </testcase> <!-- testGetAllRepositories -->
  <testcase classname="com.sep.Main.ProjectApi" name="testCreateRepository" time="0.0">
    <ignored/>
  </testcase> <!-- testCreateRepository -->
  <testcase classname="com.sep.Main.ProjectApi" name="testGetSingleRepository" time="0.0">
    <ignored/>
  </testcase> <!-- testGetSingleRepository -->
</testsuite> <!-- Default test -->
